#
# There is insufficient memory for the Java Runtime Environment to continue.
# Native memory allocation (malloc) failed to allocate 1048576 bytes for AllocateHeap
# Possible reasons:
#   The system is out of physical RAM or swap space
#   The process is running with CompressedOops enabled, and the Java Heap may be blocking the growth of the native heap
# Possible solutions:
#   Reduce memory load on the system
#   Increase physical memory or swap space
#   Check if swap backing store is full
#   Decrease Java heap size (-Xmx/-Xms)
#   Decrease number of Java threads
#   Decrease Java thread stack sizes (-Xss)
#   Set larger code cache with -XX:ReservedCodeCacheSize=
#   JVM is running with Zero Based Compressed Oops mode in which the Java heap is
#     placed in the first 32GB address space. The Java Heap base address is the
#     maximum limit for the native heap growth. Please use -XX:HeapBaseMinAddress
#     to set the Java Heap base and to place the Java Heap above 32GB virtual address.
# This output file may be truncated or incomplete.
#
#  Out of Memory Error (memory/allocation.inline.hpp:61), pid=25056, tid=0x0000000000005fe0
#
# JRE version:  (8.0_221-b11) (build )
# Java VM: Java HotSpot(TM) 64-Bit Server VM (25.221-b11 mixed mode windows-amd64 compressed oops)
# Failed to write core dump. Minidumps are not enabled by default on client versions of Windows
#

---------------  T H R E A D  ---------------

Current thread (0x000000000103e000):  JavaThread "Unknown thread" [_thread_in_vm, id=24544, stack(0x0000000002820000,0x0000000002920000)]

Stack: [0x0000000002820000,0x0000000002920000]
[error occurred during error reporting (printing stack bounds), id 0xc0000005]

Native frames: (J=compiled Java code, j=interpreted, Vv=VM code, C=native code)


---------------  P R O C E S S  ---------------

Java Threads: ( => current thread )

Other Threads:

=>0x000000000103e000 (exited) JavaThread "Unknown thread" [_thread_in_vm, id=24544, stack(0x0000000002820000,0x0000000002920000)]

VM state:not at safepoint (normal execution)

VM Mutex/Monitor currently owned by a thread: None

heap address: 0x0000000701c00000, size: 3044 MB, Compressed Oops mode: Zero based, Oop shift amount: 3
Narrow klass base: 0x0000000000000000, Narrow klass shift: 3
Compressed class space size: 1073741824 Address: 0x00000007c0000000

Heap:
 PSYoungGen      total 57344K, used 983K [0x0000000780980000, 0x0000000784980000, 0x00000007c0000000)
  eden space 49152K, 2% used [0x0000000780980000,0x0000000780a75c38,0x0000000783980000)
  from space 8192K, 0% used [0x0000000784180000,0x0000000784180000,0x0000000784980000)
  to   space 8192K, 0% used [0x0000000783980000,0x0000000783980000,0x0000000784180000)
 ParOldGen       total 131072K, used 0K [0x0000000701c00000, 0x0000000709c00000, 0x0000000780980000)
  object space 131072K, 0% used [0x0000000701c00000,0x0000000701c00000,0x0000000709c00000)
 Metaspace       used 754K, capacity 1092K, committed 1152K, reserved 1060864K
  class space    used 76K, capacity 384K, committed 384K, reserved 1048576K

Card table byte_map: [0x0000000011eb0000,0x00000000124b0000] byte_map_base: 0x000000000e6a2000

Marking Bits: (ParMarkBitMap*) 0x0000000071105ce0
 Begin Bits: [0x0000000012cb0000, 0x0000000015c40000)
 End Bits:   [0x0000000015c40000, 0x0000000018bd0000)

Polling page: 0x0000000000d70000

CodeCache: size=245760Kb used=328Kb max_used=328Kb free=245431Kb
 bounds [0x0000000002af0000, 0x0000000002d60000, 0x0000000011af0000]
 total_blobs=58 nmethods=0 adapters=38
 compilation: enabled

Compilation events (0 events):
No events

GC Heap History (0 events):
No events

Deoptimization events (0 events):
No events

Classes redefined (0 events):
No events

Internal exceptions (0 events):
No events

Events (10 events):
Event: 0.034 loading class java/lang/Short
Event: 0.034 loading class java/lang/Short done
Event: 0.034 loading class java/lang/Integer
Event: 0.034 loading class java/lang/Integer done
Event: 0.034 loading class java/lang/Long
Event: 0.034 loading class java/lang/Long done
Event: 0.035 loading class java/lang/NullPointerException
Event: 0.035 loading class java/lang/NullPointerException done
Event: 0.035 loading class java/lang/ArithmeticException
Event: 0.035 loading class java/lang/ArithmeticException done


Dynamic libraries:
0x00007ff746850000 - 0x00007ff746887000 	C:\Program Files\Java\jre1.8.0_221\bin\javaw.exe
0x00007ffee60e0000 - 0x00007ffee62cd000 	C:\WINDOWS\SYSTEM32\ntdll.dll
0x00007ffec2ff0000 - 0x00007ffec3002000 	C:\Program Files\AVAST Software\Avast\aswhook.dll
0x00007ffee5930000 - 0x00007ffee59e3000 	C:\WINDOWS\System32\KERNEL32.DLL
0x00007ffee2d80000 - 0x00007ffee3013000 	C:\WINDOWS\System32\KERNELBASE.dll
0x00007ffee5a10000 - 0x00007ffee5ab3000 	C:\WINDOWS\System32\ADVAPI32.dll
0x00007ffee4310000 - 0x00007ffee43ae000 	C:\WINDOWS\System32\msvcrt.dll
0x00007ffee5ac0000 - 0x00007ffee5b5e000 	C:\WINDOWS\System32\sechost.dll
0x00007ffee35f0000 - 0x00007ffee3712000 	C:\WINDOWS\System32\RPCRT4.dll
0x00007ffee3b60000 - 0x00007ffee3cf7000 	C:\WINDOWS\System32\USER32.dll
0x00007ffee3240000 - 0x00007ffee3260000 	C:\WINDOWS\System32\win32u.dll
0x00007ffee3d60000 - 0x00007ffee3d89000 	C:\WINDOWS\System32\GDI32.dll
0x00007ffee3080000 - 0x00007ffee3219000 	C:\WINDOWS\System32\gdi32full.dll
0x00007ffee3260000 - 0x00007ffee3300000 	C:\WINDOWS\System32\msvcp_win.dll
0x00007ffee29c0000 - 0x00007ffee2aba000 	C:\WINDOWS\System32\ucrtbase.dll
0x00007ffed6db0000 - 0x00007ffed7029000 	C:\WINDOWS\WinSxS\amd64_microsoft.windows.common-controls_6595b64144ccf1df_6.0.17763.737_none_05b6437c071e554b\COMCTL32.dll
0x00007ffee3720000 - 0x00007ffee3a4c000 	C:\WINDOWS\System32\combase.dll
0x00007ffee28f0000 - 0x00007ffee296e000 	C:\WINDOWS\System32\bcryptPrimitives.dll
0x00007ffee4120000 - 0x00007ffee414e000 	C:\WINDOWS\System32\IMM32.DLL
0x0000000070570000 - 0x0000000070642000 	C:\Program Files\Java\jre1.8.0_221\bin\msvcr100.dll
0x00000000708e0000 - 0x0000000071185000 	C:\Program Files\Java\jre1.8.0_221\bin\server\jvm.dll
0x00007ffee4030000 - 0x00007ffee4038000 	C:\WINDOWS\System32\PSAPI.DLL
0x00007ffee0c90000 - 0x00007ffee0c99000 	C:\WINDOWS\SYSTEM32\WSOCK32.dll
0x00007ffee4040000 - 0x00007ffee40ad000 	C:\WINDOWS\System32\WS2_32.dll
0x00007ffed80d0000 - 0x00007ffed80f4000 	C:\WINDOWS\SYSTEM32\WINMM.dll
0x00007ffed7ce0000 - 0x00007ffed7cea000 	C:\WINDOWS\SYSTEM32\VERSION.dll
0x00007ffed80a0000 - 0x00007ffed80cd000 	C:\WINDOWS\SYSTEM32\WINMMBASE.dll
0x00007ffee2970000 - 0x00007ffee29ba000 	C:\WINDOWS\System32\cfgmgr32.dll
0x00007ffeddf30000 - 0x00007ffeddf3f000 	C:\Program Files\Java\jre1.8.0_221\bin\verify.dll
0x00007ffecb480000 - 0x00007ffecb4a9000 	C:\Program Files\Java\jre1.8.0_221\bin\java.dll
0x00007ffedb020000 - 0x00007ffedb036000 	C:\Program Files\Java\jre1.8.0_221\bin\zip.dll

VM Arguments:
jvm_args: -Dfile.encoding=Cp1252 
java_command: circuit_designer.CircuitDesigner
java_class_path (initial): C:\Users\Mario\Desktop\JAVA proyects\CIrcuit_Designer\bin
Launcher Type: SUN_STANDARD

Environment Variables:
PATH=C:/Program Files/Java/jre1.8.0_221/bin/server;C:/Program Files/Java/jre1.8.0_221/bin;C:/Program Files/Java/jre1.8.0_221/lib/amd64;C:\Program Files (x86)\Common Files\Oracle\Java\javapath;C:\Program Files (x86)\Intel\iCLS Client\;C:\Program Files\Intel\iCLS Client\;C:\WINDOWS\system32;C:\WINDOWS;C:\WINDOWS\System32\Wbem;"C:\WINDOWS\System32\WindowsPowerShell\v1.0\;C:\Program Files\Java\jdk1.8.0_201\bin";C:\Program Files (x86)\Intel\Intel(R) Management Engine Components\DAL;C:\Program Files\Intel\Intel(R) Management Engine Components\DAL;C:\Program Files (x86)\Intel\Intel(R) Management Engine Components\IPT;C:\Program Files\Intel\Intel(R) Management Engine Components\IPT;C:\WINDOWS\System32\OpenSSH\;C:\Program Files\Git\cmd;C:\Users\Mario\AppData\Local\Programs\Python\Python38;C:\Program Files\Java\jdk1.8.0_201\bin;C:\Program Files\Intel\WiFi\bin\;C:\Program Files\Common Files\Intel\WirelessCommon\;C:\Users\Mario\AppData\Local\Programs\Python\Python37-32\Scripts\;C:\Users\Mario\AppData\Local\Programs\Python\Python37-32\;C:\Users\Mario\AppData\Local\Microsoft\WindowsApps;C:\Program Files\Java\jdk1.8.0_201\bin;;C:\Users\Mario\eclipse\java-2019-03\eclipse;
USERNAME=Mario
OS=Windows_NT
PROCESSOR_IDENTIFIER=Intel64 Family 6 Model 142 Stepping 9, GenuineIntel



---------------  S Y S T E M  ---------------

OS: Windows 10.0 , 64 bit Build 17763 (10.0.17763.475)

CPU:total 4 (initial active 4) (2 cores per cpu, 2 threads per core) family 6 model 142 stepping 9, cmov, cx8, fxsr, mmx, sse, sse2, sse3, ssse3, sse4.1, sse4.2, popcnt, avx, avx2, aes, clmul, erms, 3dnowpref, lzcnt, ht, tsc, tscinvbit, bmi1, bmi2, adx

Memory: 4k page, physical 12465380k(5715108k free), swap 50214116k(5824k free)

vm_info: Java HotSpot(TM) 64-Bit Server VM (25.221-b11) for windows-amd64 JRE (1.8.0_221-b11), built on Jul  4 2019 04:39:29 by "java_re" with MS VC++ 10.0 (VS2010)

time: Sat Sep 14 13:38:55 2019
timezone: Central America Standard Time
elapsed time: 0 seconds (0d 0h 0m 0s)

